2023-04-03 20:41:42,387 INFO notifyConnectTimeout:200

2023-04-03 20:41:42,395 INFO notifySocketTimeout:8000

2023-04-03 20:41:42,395 INFO isHealthCheck:true

2023-04-03 20:41:42,395 INFO maxHealthCheckFailCount:12

2023-04-03 20:41:42,395 INFO maxContent:10485760

2023-04-03 20:41:50,752 INFO use local db service for init

2023-04-03 20:41:52,370 WARN Lexical error at line 4, column 66.  Encountered: <EOF> after : "".

2023-04-03 20:41:52,385 WARN Syntax error: Encountered "*" at line 1, column 1.

2023-04-03 20:41:52,514 WARN Table/View 'CONFIG_INFO' already exists in Schema 'NACOS'.

2023-04-03 20:41:52,701 WARN Table/View 'HIS_CONFIG_INFO' already exists in Schema 'NACOS'.

2023-04-03 20:41:52,822 WARN Table/View 'CONFIG_INFO_BETA' already exists in Schema 'NACOS'.

2023-04-03 20:41:52,910 WARN Table/View 'CONFIG_INFO_TAG' already exists in Schema 'NACOS'.

2023-04-03 20:41:52,989 WARN Table/View 'CONFIG_INFO_AGGR' already exists in Schema 'NACOS'.

2023-04-03 20:41:53,077 WARN Table/View 'APP_LIST' already exists in Schema 'NACOS'.

2023-04-03 20:41:53,148 WARN Table/View 'APP_CONFIGDATA_RELATION_SUBS' already exists in Schema 'NACOS'.

2023-04-03 20:41:53,233 WARN Table/View 'APP_CONFIGDATA_RELATION_PUBS' already exists in Schema 'NACOS'.

2023-04-03 20:41:53,326 WARN Table/View 'CONFIG_TAGS_RELATION' already exists in Schema 'NACOS'.

2023-04-03 20:41:53,440 WARN Table/View 'GROUP_CAPACITY' already exists in Schema 'NACOS'.

2023-04-03 20:41:53,514 WARN Table/View 'TENANT_CAPACITY' already exists in Schema 'NACOS'.

2023-04-03 20:41:53,598 WARN Table/View 'TENANT_INFO' already exists in Schema 'NACOS'.

2023-04-03 20:41:53,681 WARN Table/View 'USERS' already exists in Schema 'NACOS'.

2023-04-03 20:41:53,784 WARN Table/View 'ROLES' already exists in Schema 'NACOS'.

2023-04-03 20:41:53,909 WARN Table/View 'PERMISSIONS' already exists in Schema 'NACOS'.

2023-04-03 20:41:54,036 WARN The statement was aborted because it would have caused a duplicate key value in a unique or primary key constraint or unique index identified by 'SQL220209150715190' defined on 'USERS'.

2023-04-03 20:41:54,051 WARN The statement was aborted because it would have caused a duplicate key value in a unique or primary key constraint or unique index identified by 'UK_USERNAME_ROLE' defined on 'ROLES'.

2023-04-03 20:41:54,051 WARN Lexical error at line 4, column 13.  Encountered: "`" (96), after : "".

2023-04-03 20:41:54,052 WARN Lexical error at line 1, column 13.  Encountered: "`" (96), after : "".

2023-04-03 20:41:54,052 WARN Lexical error at line 1, column 13.  Encountered: "`" (96), after : "".

2023-04-03 20:41:54,052 WARN Lexical error at line 1, column 13.  Encountered: "`" (96), after : "".

2023-04-03 20:41:54,052 INFO use StandaloneDatabaseOperateImpl

2023-04-03 20:41:55,484 WARN DumpService start

2023-04-03 20:41:55,486 INFO start clear all config-info.

2023-04-03 20:41:55,486 WARN clear all config-info failed.

2023-04-03 20:41:55,486 WARN clear all config-info-tenant failed.

2023-04-03 20:41:55,717 INFO [all-dump] 605647111541526528 / 605647111541526528

2023-04-03 20:41:55,717 INFO start clear all config-info-beta.

2023-04-03 20:41:55,717 WARN clear all config-info-beta failed.

2023-04-03 20:41:55,717 WARN clear all config-info-beta-tenant failed.

2023-04-03 20:41:55,764 INFO start clear all config-info-tag.

2023-04-03 20:41:55,765 WARN clear all config-info-tag failed.

2023-04-03 20:41:55,765 WARN clear all config-info-tag-tenant failed.

