2023-04-03 20:41:54,724 INFO raft peers changed: [Member{ip='192.168.10.201', port=8848, state=UP, extendInfo={raftPort=7848, version=2.0.0}}]

2023-04-03 20:41:54,754 INFO initializing Raft sub-system

2023-04-03 20:41:54,763 INFO finish loading all datums, size: 0 cost 9 ms.

2023-04-03 20:41:54,773 INFO cache loaded, datum count: 0, current term: 0

2023-04-03 20:41:54,773 INFO finish to load data from disk, cost: 19 ms.

2023-04-03 20:41:54,776 INFO timer started: leader timeout ms: 15000, heart-beat timeout ms: 5000

2023-04-03 20:41:54,909 INFO add listener: com.alibaba.nacos.naming.domains.meta.

2023-04-03 20:41:55,441 INFO add listener: com.alibaba.nacos.naming.domains.meta.00-00---000-NACOS_SWITCH_DOMAIN-000---00-00

2023-04-03 20:41:59,749 WARN start to close old raft protocol!!!

2023-04-03 20:41:59,749 WARN stop old raft protocol task for notifier

2023-04-03 20:41:59,749 WARN stop old raft protocol task for master task

2023-04-03 20:41:59,749 WARN stop old raft protocol task for heartbeat task

2023-04-03 20:41:59,749 WARN clean old cache datum for old raft

2023-04-03 20:41:59,749 WARN start to close old raft protocol!!!

2023-04-03 20:41:59,749 WARN stop old raft protocol task for notifier

2023-04-03 20:41:59,749 WARN stop old raft protocol task for master task

2023-04-03 20:41:59,749 WARN stop old raft protocol task for heartbeat task

2023-04-03 20:41:59,749 WARN clean old cache datum for old raft

2023-04-03 20:41:59,749 WARN start to move old raft protocol metadata

2023-04-03 20:41:59,751 WARN start to move old raft protocol metadata

